<?xml version="1.0" encoding="UTF-8"?>
<!-- Generated by org.testng.reporters.JUnitReportReporter -->
<testsuite hostname="G2-500ss-efi" failures="0" tests="1" name="mysqlpractice.StringSepration" time="0.013" errors="0" timestamp="2021-09-09T17:14:43 IST" skipped="0">
  <testcase classname="mysqlpractice.StringSepration" name="StringBifurcate" time="0.013"/>
  <system-out/>
</testsuite> <!-- mysqlpractice.StringSepration -->
