<?xml version="1.0" encoding="UTF-8"?>
<!-- Generated by org.testng.reporters.JUnitReportReporter -->
<testsuite hostname="G2-500ss-efi" failures="0" tests="1" name="Misc.FacebookValidation" time="7.645" errors="0" timestamp="2021-09-15T22:14:03 IST" skipped="0">
  <testcase classname="Misc.FacebookValidation" name="checkValidation" time="7.645"/>
  <system-out/>
</testsuite> <!-- Misc.FacebookValidation -->
