<?xml version="1.0" encoding="UTF-8"?>
<!-- Generated by org.testng.reporters.JUnitReportReporter -->
<testsuite hostname="G2-500ss-efi" failures="0" tests="1" name="Misc.SeleniumGrid" time="4.906" errors="0" timestamp="2021-09-14T16:14:17 IST" skipped="0">
  <testcase classname="Misc.SeleniumGrid" name="remoteRun" time="4.906"/>
  <system-out/>
</testsuite> <!-- Misc.SeleniumGrid -->
