<?xml version="1.0" encoding="UTF-8"?>
<!-- Generated by org.testng.reporters.JUnitReportReporter -->
<testsuite hostname="G2-500ss-efi" failures="0" tests="1" name="mysqlpractice.AccessingDataFromDataBase" time="0.358" errors="0" timestamp="2021-09-09T16:32:53 IST" skipped="0">
  <testcase classname="mysqlpractice.AccessingDataFromDataBase" name="DbConnect" time="0.358"/>
  <system-out/>
</testsuite> <!-- mysqlpractice.AccessingDataFromDataBase -->
